<?xml version="1.0" encoding="utf-8"?><testsuites name="pytest tests"><testsuite name="pytest" errors="0" failures="0" skipped="0" tests="13" time="2.816" timestamp="2026-04-16T15:39:40.605058+00:00" hostname="agent-env-6ed76f3d-26e5-46cc-af72-4a2bee2ab07b"><testcase classname="backend.tests.test_watchlist_l1_pipeline.TestSymbolNormalization" name="test_add_coin_btcusdt_stored_as_btc_usdt" time="0.278" /><testcase classname="backend.tests.test_watchlist_l1_pipeline.TestSymbolNormalization" name="test_add_coin_already_normalized_stays_unchanged" time="0.007" /><testcase classname="backend.tests.test_watchlist_l1_pipeline.TestSymbolNormalization" name="test_pool_coins_all_normalized" time="0.005" /><testcase classname="backend.tests.test_watchlist_l1_pipeline.TestMarketSpotCurrencies" name="test_spot_currencies_returns_underscore_format" time="1.355" /><testcase classname="backend.tests.test_watchlist_l1_pipeline.TestDebugEndpoint" name="test_debug_returns_expected_stages" time="0.009" /><testcase classname="backend.tests.test_watchlist_l1_pipeline.TestDebugEndpoint" name="test_debug_no_error_field" time="0.005" /><testcase classname="backend.tests.test_watchlist_l1_pipeline.TestDebugEndpoint" name="test_debug_has_summary" time="0.004" /><testcase classname="backend.tests.test_watchlist_l1_pipeline.TestL1WatchlistAssets" name="test_watchlist_list_shows_l1" time="0.006" /><testcase classname="backend.tests.test_watchlist_l1_pipeline.TestL1WatchlistAssets" name="test_l1_assets_returns_pool_coins_with_market_data" time="0.894" /><testcase classname="backend.tests.test_watchlist_l1_pipeline.TestL1WatchlistAssets" name="test_l1_without_market_data_still_returns_assets" time="0.011" /><testcase classname="backend.tests.test_watchlist_l1_pipeline.TestL1WatchlistAssets" name="test_l1_asset_count_in_list" time="0.004" /><testcase classname="backend.tests.test_watchlist_l1_pipeline.TestRefreshEndpoint" name="test_refresh_returns_asset_count" time="0.009" /><testcase classname="backend.tests.test_watchlist_l1_pipeline.TestRefreshEndpoint" name="test_refresh_then_assets_not_empty" time="0.066" /></testsuite></testsuites>